Tue Sep 16 14:37:54 EAT 2014 : Apache Derby Network Server - 10.8.3.0 - (1405108) started and ready to accept connections on port 1527
----------------------------------------------------------------
Tue Sep 16 14:37:54 EAT 2014:
Booting Derby version The Apache Software Foundation - Apache Derby - 10.8.3.0 - (1405108): instance a816c00e-0148-7e41-2f09-00000066f340 
on database directory C:\Users\RESEARCH2\.netbeans-derby\hashnotes  with class loader sun.misc.Launcher$AppClassLoader@1dd7056 
Loaded from file:/D:/backup/NetBeansProjects/HashNotes/dist/lib/derby.jar
java.vendor=Oracle Corporation
java.runtime.version=1.7.0_67-b01
user.dir=D:\backup\NetBeansProjects\HashNotes\dist
os.name=Windows 7
os.arch=x86
os.version=6.1
derby.system.home=null
Database Class Loader started - derby.database.classpath=''
Tue Sep 16 14:37:55 EAT 2014 : Could not listen on port 1527 on host 127.0.0.1:
 java.net.BindException: Address already in use: JVM_Bind
An exception was thrown during network server startup. DRDA_ListenPort.S:Could not listen on port 1527 on host 127.0.0.1:
 java.net.BindException: Address already in use: JVM_Bind
java.lang.reflect.InvocationTargetException
	at sun.reflect.NativeMethodAccessorImpl.invoke0(Native Method)
	at sun.reflect.NativeMethodAccessorImpl.invoke(Unknown Source)
	at sun.reflect.DelegatingMethodAccessorImpl.invoke(Unknown Source)
	at java.lang.reflect.Method.invoke(Unknown Source)
	at org.apache.derby.iapi.jdbc.DRDAServerStarter.run(Unknown Source)
	at java.lang.Thread.run(Unknown Source)
Caused by: java.lang.Exception: DRDA_ListenPort.S:Could not listen on port 1527 on host 127.0.0.1:
 java.net.BindException: Address already in use: JVM_Bind
	at org.apache.derby.impl.drda.NetworkServerControlImpl.consolePropertyMessageWork(Unknown Source)
	at org.apache.derby.impl.drda.NetworkServerControlImpl.consolePropertyMessage(Unknown Source)
	at org.apache.derby.impl.drda.NetworkServerControlImpl.blockingStart(Unknown Source)
	... 6 more
Tue Sep 16 14:37:55 EAT 2014 : Could not listen on port 1527 on host 127.0.0.1:
 java.net.BindException: Address already in use: JVM_Bind
An exception was thrown during network server startup. DRDA_ListenPort.S:Could not listen on port 1527 on host 127.0.0.1:
 java.net.BindException: Address already in use: JVM_Bind
java.lang.reflect.InvocationTargetException
	at sun.reflect.NativeMethodAccessorImpl.invoke0(Native Method)
	at sun.reflect.NativeMethodAccessorImpl.invoke(Unknown Source)
	at sun.reflect.DelegatingMethodAccessorImpl.invoke(Unknown Source)
	at java.lang.reflect.Method.invoke(Unknown Source)
	at org.apache.derby.iapi.jdbc.DRDAServerStarter.run(Unknown Source)
	at java.lang.Thread.run(Unknown Source)
Caused by: java.lang.Exception: DRDA_ListenPort.S:Could not listen on port 1527 on host 127.0.0.1:
 java.net.BindException: Address already in use: JVM_Bind
	at org.apache.derby.impl.drda.NetworkServerControlImpl.consolePropertyMessageWork(Unknown Source)
	at org.apache.derby.impl.drda.NetworkServerControlImpl.consolePropertyMessage(Unknown Source)
	at org.apache.derby.impl.drda.NetworkServerControlImpl.blockingStart(Unknown Source)
	... 6 more
Tue Sep 16 14:37:55 EAT 2014 : Could not listen on port 1527 on host 127.0.0.1:
 java.net.BindException: Address already in use: JVM_Bind
An exception was thrown during network server startup. DRDA_ListenPort.S:Could not listen on port 1527 on host 127.0.0.1:
 java.net.BindException: Address already in use: JVM_Bind
java.lang.reflect.InvocationTargetException
	at sun.reflect.NativeMethodAccessorImpl.invoke0(Native Method)
	at sun.reflect.NativeMethodAccessorImpl.invoke(Unknown Source)
	at sun.reflect.DelegatingMethodAccessorImpl.invoke(Unknown Source)
	at java.lang.reflect.Method.invoke(Unknown Source)
	at org.apache.derby.iapi.jdbc.DRDAServerStarter.run(Unknown Source)
	at java.lang.Thread.run(Unknown Source)
Caused by: java.lang.Exception: DRDA_ListenPort.S:Could not listen on port 1527 on host 127.0.0.1:
 java.net.BindException: Address already in use: JVM_Bind
	at org.apache.derby.impl.drda.NetworkServerControlImpl.consolePropertyMessageWork(Unknown Source)
	at org.apache.derby.impl.drda.NetworkServerControlImpl.consolePropertyMessage(Unknown Source)
	at org.apache.derby.impl.drda.NetworkServerControlImpl.blockingStart(Unknown Source)
	... 6 more
Tue Sep 16 14:37:55 EAT 2014 : Could not listen on port 1527 on host 127.0.0.1:
 java.net.BindException: Address already in use: JVM_Bind
An exception was thrown during network server startup. DRDA_ListenPort.S:Could not listen on port 1527 on host 127.0.0.1:
 java.net.BindException: Address already in use: JVM_Bind
java.lang.reflect.InvocationTargetException
	at sun.reflect.NativeMethodAccessorImpl.invoke0(Native Method)
	at sun.reflect.NativeMethodAccessorImpl.invoke(Unknown Source)
	at sun.reflect.DelegatingMethodAccessorImpl.invoke(Unknown Source)
	at java.lang.reflect.Method.invoke(Unknown Source)
	at org.apache.derby.iapi.jdbc.DRDAServerStarter.run(Unknown Source)
	at java.lang.Thread.run(Unknown Source)
Caused by: java.lang.Exception: DRDA_ListenPort.S:Could not listen on port 1527 on host 127.0.0.1:
 java.net.BindException: Address already in use: JVM_Bind
	at org.apache.derby.impl.drda.NetworkServerControlImpl.consolePropertyMessageWork(Unknown Source)
	at org.apache.derby.impl.drda.NetworkServerControlImpl.consolePropertyMessage(Unknown Source)
	at org.apache.derby.impl.drda.NetworkServerControlImpl.blockingStart(Unknown Source)
	... 6 more
Tue Sep 16 14:37:55 EAT 2014 : Could not listen on port 1527 on host 127.0.0.1:
 java.net.BindException: Address already in use: JVM_Bind
An exception was thrown during network server startup. DRDA_ListenPort.S:Could not listen on port 1527 on host 127.0.0.1:
 java.net.BindException: Address already in use: JVM_Bind
java.lang.reflect.InvocationTargetException
	at sun.reflect.NativeMethodAccessorImpl.invoke0(Native Method)
	at sun.reflect.NativeMethodAccessorImpl.invoke(Unknown Source)
	at sun.reflect.DelegatingMethodAccessorImpl.invoke(Unknown Source)
	at java.lang.reflect.Method.invoke(Unknown Source)
	at org.apache.derby.iapi.jdbc.DRDAServerStarter.run(Unknown Source)
	at java.lang.Thread.run(Unknown Source)
Caused by: java.lang.Exception: DRDA_ListenPort.S:Could not listen on port 1527 on host 127.0.0.1:
 java.net.BindException: Address already in use: JVM_Bind
	at org.apache.derby.impl.drda.NetworkServerControlImpl.consolePropertyMessageWork(Unknown Source)
	at org.apache.derby.impl.drda.NetworkServerControlImpl.consolePropertyMessage(Unknown Source)
	at org.apache.derby.impl.drda.NetworkServerControlImpl.blockingStart(Unknown Source)
	... 6 more
Tue Sep 16 14:37:55 EAT 2014 : Could not listen on port 1527 on host 127.0.0.1:
 java.net.BindException: Address already in use: JVM_Bind
An exception was thrown during network server startup. DRDA_ListenPort.S:Could not listen on port 1527 on host 127.0.0.1:
 java.net.BindException: Address already in use: JVM_Bind
java.lang.reflect.InvocationTargetException
	at sun.reflect.NativeMethodAccessorImpl.invoke0(Native Method)
	at sun.reflect.NativeMethodAccessorImpl.invoke(Unknown Source)
	at sun.reflect.DelegatingMethodAccessorImpl.invoke(Unknown Source)
	at java.lang.reflect.Method.invoke(Unknown Source)
	at org.apache.derby.iapi.jdbc.DRDAServerStarter.run(Unknown Source)
	at java.lang.Thread.run(Unknown Source)
Caused by: java.lang.Exception: DRDA_ListenPort.S:Could not listen on port 1527 on host 127.0.0.1:
 java.net.BindException: Address already in use: JVM_Bind
	at org.apache.derby.impl.drda.NetworkServerControlImpl.consolePropertyMessageWork(Unknown Source)
	at org.apache.derby.impl.drda.NetworkServerControlImpl.consolePropertyMessage(Unknown Source)
	at org.apache.derby.impl.drda.NetworkServerControlImpl.blockingStart(Unknown Source)
	... 6 more
Tue Sep 16 14:37:55 EAT 2014 : Could not listen on port 1527 on host 127.0.0.1:
 java.net.BindException: Address already in use: JVM_Bind
An exception was thrown during network server startup. DRDA_ListenPort.S:Could not listen on port 1527 on host 127.0.0.1:
 java.net.BindException: Address already in use: JVM_Bind
java.lang.reflect.InvocationTargetException
	at sun.reflect.NativeMethodAccessorImpl.invoke0(Native Method)
	at sun.reflect.NativeMethodAccessorImpl.invoke(Unknown Source)
	at sun.reflect.DelegatingMethodAccessorImpl.invoke(Unknown Source)
	at java.lang.reflect.Method.invoke(Unknown Source)
	at org.apache.derby.iapi.jdbc.DRDAServerStarter.run(Unknown Source)
	at java.lang.Thread.run(Unknown Source)
Caused by: java.lang.Exception: DRDA_ListenPort.S:Could not listen on port 1527 on host 127.0.0.1:
 java.net.BindException: Address already in use: JVM_Bind
	at org.apache.derby.impl.drda.NetworkServerControlImpl.consolePropertyMessageWork(Unknown Source)
	at org.apache.derby.impl.drda.NetworkServerControlImpl.consolePropertyMessage(Unknown Source)
	at org.apache.derby.impl.drda.NetworkServerControlImpl.blockingStart(Unknown Source)
	... 6 more
Tue Sep 16 14:37:55 EAT 2014 : Could not listen on port 1527 on host 127.0.0.1:
 java.net.BindException: Address already in use: JVM_Bind
An exception was thrown during network server startup. DRDA_ListenPort.S:Could not listen on port 1527 on host 127.0.0.1:
 java.net.BindException: Address already in use: JVM_Bind
java.lang.reflect.InvocationTargetException
	at sun.reflect.NativeMethodAccessorImpl.invoke0(Native Method)
	at sun.reflect.NativeMethodAccessorImpl.invoke(Unknown Source)
	at sun.reflect.DelegatingMethodAccessorImpl.invoke(Unknown Source)
	at java.lang.reflect.Method.invoke(Unknown Source)
	at org.apache.derby.iapi.jdbc.DRDAServerStarter.run(Unknown Source)
	at java.lang.Thread.run(Unknown Source)
Caused by: java.lang.Exception: DRDA_ListenPort.S:Could not listen on port 1527 on host 127.0.0.1:
 java.net.BindException: Address already in use: JVM_Bind
	at org.apache.derby.impl.drda.NetworkServerControlImpl.consolePropertyMessageWork(Unknown Source)
	at org.apache.derby.impl.drda.NetworkServerControlImpl.consolePropertyMessage(Unknown Source)
	at org.apache.derby.impl.drda.NetworkServerControlImpl.blockingStart(Unknown Source)
	... 6 more
Tue Sep 16 14:37:55 EAT 2014 : Could not listen on port 1527 on host 127.0.0.1:
 java.net.BindException: Address already in use: JVM_Bind
An exception was thrown during network server startup. DRDA_ListenPort.S:Could not listen on port 1527 on host 127.0.0.1:
 java.net.BindException: Address already in use: JVM_Bind
java.lang.reflect.InvocationTargetException
	at sun.reflect.NativeMethodAccessorImpl.invoke0(Native Method)
	at sun.reflect.NativeMethodAccessorImpl.invoke(Unknown Source)
	at sun.reflect.DelegatingMethodAccessorImpl.invoke(Unknown Source)
	at java.lang.reflect.Method.invoke(Unknown Source)
	at org.apache.derby.iapi.jdbc.DRDAServerStarter.run(Unknown Source)
	at java.lang.Thread.run(Unknown Source)
Caused by: java.lang.Exception: DRDA_ListenPort.S:Could not listen on port 1527 on host 127.0.0.1:
 java.net.BindException: Address already in use: JVM_Bind
	at org.apache.derby.impl.drda.NetworkServerControlImpl.consolePropertyMessageWork(Unknown Source)
	at org.apache.derby.impl.drda.NetworkServerControlImpl.consolePropertyMessage(Unknown Source)
	at org.apache.derby.impl.drda.NetworkServerControlImpl.blockingStart(Unknown Source)
	... 6 more
Tue Sep 16 14:38:09 EAT 2014 : Could not listen on port 1527 on host 127.0.0.1:
 java.net.BindException: Address already in use: JVM_Bind
An exception was thrown during network server startup. DRDA_ListenPort.S:Could not listen on port 1527 on host 127.0.0.1:
 java.net.BindException: Address already in use: JVM_Bind
java.lang.reflect.InvocationTargetException
	at sun.reflect.NativeMethodAccessorImpl.invoke0(Native Method)
	at sun.reflect.NativeMethodAccessorImpl.invoke(Unknown Source)
	at sun.reflect.DelegatingMethodAccessorImpl.invoke(Unknown Source)
	at java.lang.reflect.Method.invoke(Unknown Source)
	at org.apache.derby.iapi.jdbc.DRDAServerStarter.run(Unknown Source)
	at java.lang.Thread.run(Unknown Source)
Caused by: java.lang.Exception: DRDA_ListenPort.S:Could not listen on port 1527 on host 127.0.0.1:
 java.net.BindException: Address already in use: JVM_Bind
	at org.apache.derby.impl.drda.NetworkServerControlImpl.consolePropertyMessageWork(Unknown Source)
	at org.apache.derby.impl.drda.NetworkServerControlImpl.consolePropertyMessage(Unknown Source)
	at org.apache.derby.impl.drda.NetworkServerControlImpl.blockingStart(Unknown Source)
	... 6 more
Tue Sep 16 14:38:09 EAT 2014 : Could not listen on port 1527 on host 127.0.0.1:
 java.net.BindException: Address already in use: JVM_Bind
An exception was thrown during network server startup. DRDA_ListenPort.S:Could not listen on port 1527 on host 127.0.0.1:
 java.net.BindException: Address already in use: JVM_Bind
java.lang.reflect.InvocationTargetException
	at sun.reflect.NativeMethodAccessorImpl.invoke0(Native Method)
	at sun.reflect.NativeMethodAccessorImpl.invoke(Unknown Source)
	at sun.reflect.DelegatingMethodAccessorImpl.invoke(Unknown Source)
	at java.lang.reflect.Method.invoke(Unknown Source)
	at org.apache.derby.iapi.jdbc.DRDAServerStarter.run(Unknown Source)
	at java.lang.Thread.run(Unknown Source)
Caused by: java.lang.Exception: DRDA_ListenPort.S:Could not listen on port 1527 on host 127.0.0.1:
 java.net.BindException: Address already in use: JVM_Bind
	at org.apache.derby.impl.drda.NetworkServerControlImpl.consolePropertyMessageWork(Unknown Source)
	at org.apache.derby.impl.drda.NetworkServerControlImpl.consolePropertyMessage(Unknown Source)
	at org.apache.derby.impl.drda.NetworkServerControlImpl.blockingStart(Unknown Source)
	... 6 more
Tue Sep 16 14:38:09 EAT 2014 : Could not listen on port 1527 on host 127.0.0.1:
 java.net.BindException: Address already in use: JVM_Bind
An exception was thrown during network server startup. DRDA_ListenPort.S:Could not listen on port 1527 on host 127.0.0.1:
 java.net.BindException: Address already in use: JVM_Bind
java.lang.reflect.InvocationTargetException
	at sun.reflect.NativeMethodAccessorImpl.invoke0(Native Method)
	at sun.reflect.NativeMethodAccessorImpl.invoke(Unknown Source)
	at sun.reflect.DelegatingMethodAccessorImpl.invoke(Unknown Source)
	at java.lang.reflect.Method.invoke(Unknown Source)
	at org.apache.derby.iapi.jdbc.DRDAServerStarter.run(Unknown Source)
	at java.lang.Thread.run(Unknown Source)
Caused by: java.lang.Exception: DRDA_ListenPort.S:Could not listen on port 1527 on host 127.0.0.1:
 java.net.BindException: Address already in use: JVM_Bind
	at org.apache.derby.impl.drda.NetworkServerControlImpl.consolePropertyMessageWork(Unknown Source)
	at org.apache.derby.impl.drda.NetworkServerControlImpl.consolePropertyMessage(Unknown Source)
	at org.apache.derby.impl.drda.NetworkServerControlImpl.blockingStart(Unknown Source)
	... 6 more
Tue Sep 16 14:38:09 EAT 2014 : Could not listen on port 1527 on host 127.0.0.1:
 java.net.BindException: Address already in use: JVM_Bind
An exception was thrown during network server startup. DRDA_ListenPort.S:Could not listen on port 1527 on host 127.0.0.1:
 java.net.BindException: Address already in use: JVM_Bind
java.lang.reflect.InvocationTargetException
	at sun.reflect.NativeMethodAccessorImpl.invoke0(Native Method)
	at sun.reflect.NativeMethodAccessorImpl.invoke(Unknown Source)
	at sun.reflect.DelegatingMethodAccessorImpl.invoke(Unknown Source)
	at java.lang.reflect.Method.invoke(Unknown Source)
	at org.apache.derby.iapi.jdbc.DRDAServerStarter.run(Unknown Source)
	at java.lang.Thread.run(Unknown Source)
Caused by: java.lang.Exception: DRDA_ListenPort.S:Could not listen on port 1527 on host 127.0.0.1:
 java.net.BindException: Address already in use: JVM_Bind
	at org.apache.derby.impl.drda.NetworkServerControlImpl.consolePropertyMessageWork(Unknown Source)
	at org.apache.derby.impl.drda.NetworkServerControlImpl.consolePropertyMessage(Unknown Source)
	at org.apache.derby.impl.drda.NetworkServerControlImpl.blockingStart(Unknown Source)
	... 6 more
Tue Sep 16 14:38:09 EAT 2014 : Could not listen on port 1527 on host 127.0.0.1:
 java.net.BindException: Address already in use: JVM_Bind
An exception was thrown during network server startup. DRDA_ListenPort.S:Could not listen on port 1527 on host 127.0.0.1:
 java.net.BindException: Address already in use: JVM_Bind
java.lang.reflect.InvocationTargetException
	at sun.reflect.NativeMethodAccessorImpl.invoke0(Native Method)
	at sun.reflect.NativeMethodAccessorImpl.invoke(Unknown Source)
	at sun.reflect.DelegatingMethodAccessorImpl.invoke(Unknown Source)
	at java.lang.reflect.Method.invoke(Unknown Source)
	at org.apache.derby.iapi.jdbc.DRDAServerStarter.run(Unknown Source)
	at java.lang.Thread.run(Unknown Source)
Caused by: java.lang.Exception: DRDA_ListenPort.S:Could not listen on port 1527 on host 127.0.0.1:
 java.net.BindException: Address already in use: JVM_Bind
	at org.apache.derby.impl.drda.NetworkServerControlImpl.consolePropertyMessageWork(Unknown Source)
	at org.apache.derby.impl.drda.NetworkServerControlImpl.consolePropertyMessage(Unknown Source)
	at org.apache.derby.impl.drda.NetworkServerControlImpl.blockingStart(Unknown Source)
	... 6 more
Tue Sep 16 14:38:09 EAT 2014 : Could not listen on port 1527 on host 127.0.0.1:
 java.net.BindException: Address already in use: JVM_Bind
An exception was thrown during network server startup. DRDA_ListenPort.S:Could not listen on port 1527 on host 127.0.0.1:
 java.net.BindException: Address already in use: JVM_Bind
java.lang.reflect.InvocationTargetException
	at sun.reflect.NativeMethodAccessorImpl.invoke0(Native Method)
	at sun.reflect.NativeMethodAccessorImpl.invoke(Unknown Source)
	at sun.reflect.DelegatingMethodAccessorImpl.invoke(Unknown Source)
	at java.lang.reflect.Method.invoke(Unknown Source)
	at org.apache.derby.iapi.jdbc.DRDAServerStarter.run(Unknown Source)
	at java.lang.Thread.run(Unknown Source)
Caused by: java.lang.Exception: DRDA_ListenPort.S:Could not listen on port 1527 on host 127.0.0.1:
 java.net.BindException: Address already in use: JVM_Bind
	at org.apache.derby.impl.drda.NetworkServerControlImpl.consolePropertyMessageWork(Unknown Source)
	at org.apache.derby.impl.drda.NetworkServerControlImpl.consolePropertyMessage(Unknown Source)
	at org.apache.derby.impl.drda.NetworkServerControlImpl.blockingStart(Unknown Source)
	... 6 more
Tue Sep 16 14:38:09 EAT 2014 : Could not listen on port 1527 on host 127.0.0.1:
 java.net.BindException: Address already in use: JVM_Bind
An exception was thrown during network server startup. DRDA_ListenPort.S:Could not listen on port 1527 on host 127.0.0.1:
 java.net.BindException: Address already in use: JVM_Bind
java.lang.reflect.InvocationTargetException
	at sun.reflect.GeneratedMethodAccessor3.invoke(Unknown Source)
	at sun.reflect.DelegatingMethodAccessorImpl.invoke(Unknown Source)
	at java.lang.reflect.Method.invoke(Unknown Source)
	at org.apache.derby.iapi.jdbc.DRDAServerStarter.run(Unknown Source)
	at java.lang.Thread.run(Unknown Source)
Caused by: java.lang.Exception: DRDA_ListenPort.S:Could not listen on port 1527 on host 127.0.0.1:
 java.net.BindException: Address already in use: JVM_Bind
	at org.apache.derby.impl.drda.NetworkServerControlImpl.consolePropertyMessageWork(Unknown Source)
	at org.apache.derby.impl.drda.NetworkServerControlImpl.consolePropertyMessage(Unknown Source)
	at org.apache.derby.impl.drda.NetworkServerControlImpl.blockingStart(Unknown Source)
	... 5 more
Tue Sep 16 14:38:09 EAT 2014 : Could not listen on port 1527 on host 127.0.0.1:
 java.net.BindException: Address already in use: JVM_Bind
An exception was thrown during network server startup. DRDA_ListenPort.S:Could not listen on port 1527 on host 127.0.0.1:
 java.net.BindException: Address already in use: JVM_Bind
java.lang.reflect.InvocationTargetException
	at sun.reflect.GeneratedMethodAccessor3.invoke(Unknown Source)
	at sun.reflect.DelegatingMethodAccessorImpl.invoke(Unknown Source)
	at java.lang.reflect.Method.invoke(Unknown Source)
	at org.apache.derby.iapi.jdbc.DRDAServerStarter.run(Unknown Source)
	at java.lang.Thread.run(Unknown Source)
Caused by: java.lang.Exception: DRDA_ListenPort.S:Could not listen on port 1527 on host 127.0.0.1:
 java.net.BindException: Address already in use: JVM_Bind
	at org.apache.derby.impl.drda.NetworkServerControlImpl.consolePropertyMessageWork(Unknown Source)
	at org.apache.derby.impl.drda.NetworkServerControlImpl.consolePropertyMessage(Unknown Source)
	at org.apache.derby.impl.drda.NetworkServerControlImpl.blockingStart(Unknown Source)
	... 5 more
Tue Sep 16 14:38:09 EAT 2014 : Could not listen on port 1527 on host 127.0.0.1:
 java.net.BindException: Address already in use: JVM_Bind
An exception was thrown during network server startup. DRDA_ListenPort.S:Could not listen on port 1527 on host 127.0.0.1:
 java.net.BindException: Address already in use: JVM_Bind
java.lang.reflect.InvocationTargetException
	at sun.reflect.GeneratedMethodAccessor3.invoke(Unknown Source)
	at sun.reflect.DelegatingMethodAccessorImpl.invoke(Unknown Source)
	at java.lang.reflect.Method.invoke(Unknown Source)
	at org.apache.derby.iapi.jdbc.DRDAServerStarter.run(Unknown Source)
	at java.lang.Thread.run(Unknown Source)
Caused by: java.lang.Exception: DRDA_ListenPort.S:Could not listen on port 1527 on host 127.0.0.1:
 java.net.BindException: Address already in use: JVM_Bind
	at org.apache.derby.impl.drda.NetworkServerControlImpl.consolePropertyMessageWork(Unknown Source)
	at org.apache.derby.impl.drda.NetworkServerControlImpl.consolePropertyMessage(Unknown Source)
	at org.apache.derby.impl.drda.NetworkServerControlImpl.blockingStart(Unknown Source)
	... 5 more
Tue Sep 16 14:38:09 EAT 2014 : Could not listen on port 1527 on host 127.0.0.1:
 java.net.BindException: Address already in use: JVM_Bind
An exception was thrown during network server startup. DRDA_ListenPort.S:Could not listen on port 1527 on host 127.0.0.1:
 java.net.BindException: Address already in use: JVM_Bind
java.lang.reflect.InvocationTargetException
	at sun.reflect.GeneratedMethodAccessor3.invoke(Unknown Source)
	at sun.reflect.DelegatingMethodAccessorImpl.invoke(Unknown Source)
	at java.lang.reflect.Method.invoke(Unknown Source)
	at org.apache.derby.iapi.jdbc.DRDAServerStarter.run(Unknown Source)
	at java.lang.Thread.run(Unknown Source)
Caused by: java.lang.Exception: DRDA_ListenPort.S:Could not listen on port 1527 on host 127.0.0.1:
 java.net.BindException: Address already in use: JVM_Bind
	at org.apache.derby.impl.drda.NetworkServerControlImpl.consolePropertyMessageWork(Unknown Source)
	at org.apache.derby.impl.drda.NetworkServerControlImpl.consolePropertyMessage(Unknown Source)
	at org.apache.derby.impl.drda.NetworkServerControlImpl.blockingStart(Unknown Source)
	... 5 more
