Sep 16, 2014 2:08:35 PM class hashnotes.utils.MyLogger
WARNING: my frst error
Sep 16, 2014 2:09:57 PM class hashnotes.utils.MyLogger
WARNING: my frst error ty
Sep 16, 2014 2:10:29 PM class hashnotes.utils.MyLogger
OFF: my frst error ty
Sep 16, 2014 2:10:48 PM class hashnotes.utils.MyLogger
ALL: my frst error ty
Sep 16, 2014 2:15:35 PM class hashnotes.utils.DatabaseConnection
WARNING: java.net.ConnectException : Error connecting to server localhost on port 1527 with message Connection refused: connect.
Sep 16, 2014 2:16:42 PM class hashnotes.utils.DatabaseConnection
WARNING: The connection was refused because the database hashnotes was not found.
Sep 16, 2014 2:18:51 PM class hashnotes.utils.DatabaseConnection
WARNING: The connection was refused because the database hashnotes was not found.
Sep 17, 2014 12:54:12 PM class hashnotes.utils.DatabaseConnection
WARNING: The connection was refused because the database database/hashnotes was not found.
Sep 17, 2014 12:54:15 PM class hashnotes.utils.DatabaseConnection
WARNING: The connection was refused because the database database/hashnotes was not found.
Sep 17, 2014 12:56:14 PM class hashnotes.utils.DatabaseConnection
WARNING: The connection was refused because the database database/hashnotes was not found.
Sep 17, 2014 12:56:17 PM class hashnotes.utils.DatabaseConnection
WARNING: The connection was refused because the database database/hashnotes was not found.
Sep 17, 2014 12:58:38 PM class hashnotes.utils.DatabaseConnection
WARNING: The connection was refused because the database database/hashnotes was not found.
Sep 17, 2014 12:58:41 PM class hashnotes.utils.DatabaseConnection
WARNING: The connection was refused because the database database/hashnotes was not found.
Sep 17, 2014 12:59:40 PM class hashnotes.utils.DatabaseConnection
WARNING: The connection was refused because the database db/hashnotes was not found.
Sep 17, 2014 12:59:43 PM class hashnotes.utils.DatabaseConnection
WARNING: The connection was refused because the database db/hashnotes was not found.
Sep 17, 2014 1:01:03 PM class hashnotes.utils.DatabaseConnection
WARNING: The connection was refused because the database \HashNotes/db/hashnotes was not found.
Sep 17, 2014 1:01:13 PM class hashnotes.utils.DatabaseConnection
WARNING: The connection was refused because the database HashNotes/db/hashnotes was not found.
Sep 17, 2014 1:01:34 PM class hashnotes.utils.DatabaseConnection
WARNING: The connection was refused because the database db/hashnotes was not found.
Sep 17, 2014 1:03:33 PM class hashnotes.utils.DatabaseConnection
WARNING: The connection was refused because the database db/hashnotes was not found.
Sep 17, 2014 1:03:35 PM class hashnotes.utils.DatabaseConnection
WARNING: The connection was refused because the database db/hashnotes was not found.
